<?xml version="1.0" encoding="UTF-8"?>
<!-- Generated by org.testng.reporters.JUnitReportReporter -->
<testsuite hostname="DESKTOP-JAILP44" failures="0" tests="1" name="tests.DragAndDropSliderTest" time="264.249" errors="0" timestamp="2025-09-10T20:46:07 IST" skipped="0">
  <testcase classname="tests.DragAndDropSliderTest" name="testDragAndDropSlider" time="264.249"/>
</testsuite> <!-- tests.DragAndDropSliderTest -->
