<?xml version="1.0" encoding="UTF-8"?>
<!-- Generated by org.testng.reporters.JUnitReportReporter -->
<testsuite hostname="DESKTOP-JAILP44" failures="0" tests="1" name="tests.SimpleFormDemoTest" time="12.146" errors="0" timestamp="2025-09-10T20:21:34 IST" skipped="0">
  <testcase classname="tests.SimpleFormDemoTest" name="testSimpleFormDemo" time="12.146"/>
</testsuite> <!-- tests.SimpleFormDemoTest -->
