<?xml version="1.0" encoding="UTF-8"?>
<!-- Generated by org.testng.reporters.JUnitReportReporter -->
<testsuite hostname="DESKTOP-JAILP44" failures="0" tests="1" name="tests.InputFormSubmitTest" time="20.608" errors="0" timestamp="2025-09-10T21:01:49 IST" skipped="0">
  <testcase classname="tests.InputFormSubmitTest" name="testInputFormSubmit" time="20.608"/>
</testsuite> <!-- tests.InputFormSubmitTest -->
